build/outputs/logs/manifest-merger-debug-report.txt
-- Merging decision tree log ---
manifest
ADDED from android/pedometer/AndroidManifest.xml:2:1-64:12
	package
		ADDED from android/pedometer/AndroidManifest.xml:3:5-32
	android:versionName
		ADDED from android/pedometer/AndroidManifest.xml:5:5-30
	android:versionCode
		ADDED from android/pedometer/AndroidManifest.xml:4:5-28
		INJECTED from android/pedometer/AndroidManifest.xml
		INJECTED from android/pedometer/AndroidManifest.xml
	xmlns:android
		ADDED from android/pedometer/AndroidManifest.xml:2:11-69
uses-permission#android.permission.WAKE_LOCK
ADDED from android/pedometer/AndroidManifest.xml:7:5-68
	android:name
		ADDED from android/pedometer/AndroidManifest.xml:7:22-65
uses-permission#android.permission.GET_TASKS
ADDED from android/pedometer/AndroidManifest.xml:8:5-68
	android:name
		ADDED from android/pedometer/AndroidManifest.xml:8:22-65
uses-permission#android.permission.CHANGE_WIFI_STATE
ADDED from android/pedometer/AndroidManifest.xml:9:5-76
	android:name
		ADDED from android/pedometer/AndroidManifest.xml:9:22-73
uses-permission#android.permission.MANAGE_ACCOUNTS
ADDED from android/pedometer/AndroidManifest.xml:10:5-74
	android:name
		ADDED from android/pedometer/AndroidManifest.xml:10:22-71
uses-permission#android.permission.GET_ACCOUNTS
ADDED from android/pedometer/AndroidManifest.xml:11:5-71
	android:name
		ADDED from android/pedometer/AndroidManifest.xml:11:22-68
uses-permission#android.permission.INTERNET
ADDED from android/pedometer/AndroidManifest.xml:12:5-67
	android:name
		ADDED from android/pedometer/AndroidManifest.xml:12:22-64
uses-permission#android.permission.ACCESS_WIFI_STATE
ADDED from android/pedometer/AndroidManifest.xml:13:5-76
	android:name
		ADDED from android/pedometer/AndroidManifest.xml:13:22-73
uses-permission#android.permission.ACCESS_NETWORK_STATE
ADDED from android/pedometer/AndroidManifest.xml:14:5-79
	android:name
		ADDED from android/pedometer/AndroidManifest.xml:14:22-76
uses-permission#android.permission.READ_PHONE_STATE
ADDED from android/pedometer/AndroidManifest.xml:15:5-75
	android:name
		ADDED from android/pedometer/AndroidManifest.xml:15:22-72
uses-permission#android.permission.WRITE_EXTERNAL_STORAGE
ADDED from android/pedometer/AndroidManifest.xml:16:5-81
	android:name
		ADDED from android/pedometer/AndroidManifest.xml:16:22-78
uses-permission#android.permission.READ_LOGS
ADDED from android/pedometer/AndroidManifest.xml:17:5-68
	android:name
		ADDED from android/pedometer/AndroidManifest.xml:17:22-65
uses-sdk
ADDED from android/pedometer/AndroidManifest.xml:19:5-21:41
	android:targetSdkVersion
		ADDED from android/pedometer/AndroidManifest.xml:21:9-38
	android:minSdkVersion
		ADDED from android/pedometer/AndroidManifest.xml:20:9-35
application
ADDED from android/pedometer/AndroidManifest.xml:23:5-62:19
	android:label
		ADDED from android/pedometer/AndroidManifest.xml:26:9-41
	android:allowBackup
		ADDED from android/pedometer/AndroidManifest.xml:24:9-35
	android:icon
		ADDED from android/pedometer/AndroidManifest.xml:25:9-43
	android:theme
		ADDED from android/pedometer/AndroidManifest.xml:27:9-68
activity#com.bit.pedometer.activity.WelcomeActivity
ADDED from android/pedometer/AndroidManifest.xml:28:9-37:20
	android:label
		ADDED from android/pedometer/AndroidManifest.xml:30:13-45
	android:theme
		ADDED from android/pedometer/AndroidManifest.xml:31:13-71
	android:name
		ADDED from android/pedometer/AndroidManifest.xml:29:13-53
intent-filter#android.intent.action.MAIN+android.intent.category.LAUNCHER
ADDED from android/pedometer/AndroidManifest.xml:32:13-36:29
action#android.intent.action.MAIN
ADDED from android/pedometer/AndroidManifest.xml:33:17-69
	android:name
		ADDED from android/pedometer/AndroidManifest.xml:33:25-66
category#android.intent.category.LAUNCHER
ADDED from android/pedometer/AndroidManifest.xml:35:17-77
	android:name
		ADDED from android/pedometer/AndroidManifest.xml:35:27-74
activity#com.bit.pedometer.fragment.PK.FragmentPK_memberset
ADDED from android/pedometer/AndroidManifest.xml:38:9-96
	android:name
		ADDED from android/pedometer/AndroidManifest.xml:38:19-84
activity#com.bit.pedometer.activity.MainActivity
ADDED from android/pedometer/AndroidManifest.xml:39:9-68
	android:name
		ADDED from android/pedometer/AndroidManifest.xml:39:19-56
activity#com.bit.pedometer.fragment.PK.FragmentPK_addmember
ADDED from android/pedometer/AndroidManifest.xml:40:9-96
	android:name
		ADDED from android/pedometer/AndroidManifest.xml:40:19-84
activity#com.bit.pedometer.activity.SetToTakePicActivity
ADDED from android/pedometer/AndroidManifest.xml:41:9-43:75
	android:theme
		ADDED from android/pedometer/AndroidManifest.xml:43:13-72
	android:name
		ADDED from android/pedometer/AndroidManifest.xml:42:13-58
activity#cn.sharesdk.framework.ShareSDKUIShell
ADDED from android/pedometer/AndroidManifest.xml:46:9-51:70
	android:screenOrientation
		ADDED from android/pedometer/AndroidManifest.xml:49:13-49
	android:windowSoftInputMode
		ADDED from android/pedometer/AndroidManifest.xml:51:13-67
	android:configChanges
		ADDED from android/pedometer/AndroidManifest.xml:48:13-63
	android:theme
		ADDED from android/pedometer/AndroidManifest.xml:50:13-72
	android:name
		ADDED from android/pedometer/AndroidManifest.xml:47:13-65
service#com.bit.pedometer.service.StepService
ADDED from android/pedometer/AndroidManifest.xml:53:9-81
	android:name
		ADDED from android/pedometer/AndroidManifest.xml:53:18-70
service#com.bit.pedometer.service.AutoSaveService
ADDED from android/pedometer/AndroidManifest.xml:54:9-85
	android:name
		ADDED from android/pedometer/AndroidManifest.xml:54:18-74
receiver#com.bit.pedometer.receiver.AutoSaveReceiver
ADDED from android/pedometer/AndroidManifest.xml:56:9-61:20
	android:name
		ADDED from android/pedometer/AndroidManifest.xml:56:19-77
intent-filter#android.intent.action.DATE_CHANGED
ADDED from android/pedometer/AndroidManifest.xml:57:13-60:29
action#android.intent.action.DATE_CHANGED
ADDED from android/pedometer/AndroidManifest.xml:58:17-77
	android:name
		ADDED from android/pedometer/AndroidManifest.xml:58:25-74